
HB HB1[1] <MyLibrary1_lib:HB1ToneGComp:schematic>
    Number of tones:   1.
    Number of frequencies:   8.
    Number of time samples:  16.
    Number of HB equations (problem size): 795.
    Auto mode: on.
    Convergence mode: Auto.
    Linear solver: direct.
------------------------------------------------------------------------------
Newton solver:					
Iter	KCL residual	Damp %	Sol update
------------------------------------------------------------------------------
0.0*	97.1445 aA  	100.0             
0.0*	124.9 aA    	100.0             
Numerical noise: 0.000000e+00 mW, -1.000000e+03 dBm
Next attempt: 1.264911e-06
0.0 	632.456 nA  	100.0             
0.1 	57.1401 pA  	100.0             
0.2 	7.27596 pA  	100.0             
Low level gain found: 1.705755e+01, 1.231917e+01 dB
Success. Next attempt: 3.794733e-06
0.0 	1.26491 uA  	100.0             
0.1 	453.105 pA  	100.0             
0.2 	7.27596 pA  	100.0             
Compression = 2.454819e-09 dB, Gain = 1.231917e+01 dB
Success. Next attempt: 9.486833e-06
0.0 	2.84605 uA  	100.0             
0.1 	2.67117 nA  	100.0             
0.2 	161.247 fA  	100.0             
Compression = 1.699790e-08 dB, Gain = 1.231917e+01 dB
Success. Next attempt: 2.371708e-05
0.0 	7.11512 uA  	100.0             
0.1 	16.6822 nA  	100.0             
0.2 	7.27596 pA  	100.0             
0.3 	3.12384 fA  	100.0             
Compression = 1.078394e-07 dB, Gain = 1.231917e+01 dB
Success. Next attempt: 5.929271e-05
0.0 	17.7878 uA  	100.0             
0.1 	104.27 nA   	100.0             
0.2 	39.1486 pA  	100.0             
0.3 	7.27596 pA  	100.0             
Compression = 6.755863e-07 dB, Gain = 1.231917e+01 dB
Success. Next attempt: 1.482318e-04
0.0 	44.4695 uA  	100.0             
0.1 	652.297 nA  	100.0             
0.2 	614.262 pA  	100.0             
0.3 	14.5519 pA  	100.0             
Compression = 4.224012e-06 dB, Gain = 1.231916e+01 dB
Success. Next attempt: 3.705794e-04
0.0 	111.174 uA  	100.0             
0.1 	4.0855 uA   	100.0             
0.2 	9.68901 nA  	100.0             
0.3 	54.5246 pA  	100.0             
0.4 	14.5519 pA  	100.0             
Compression = 2.640162e-05 dB, Gain = 1.231914e+01 dB
Success. Next attempt: 9.264485e-04
0.0 	277.935 uA  	100.0             
0.1 	25.6676 uA  	100.0             
0.2 	154.932 nA  	100.0             
0.3 	2.17142 nA  	100.0             
0.4 	12.6522 pA  	100.0             
0.5 	7.27598 pA  	100.0             
Compression = 1.648916e-04 dB, Gain = 1.231900e+01 dB
Success. Next attempt: 2.316121e-03
0.0 	694.836 uA  	100.0             
0.1 	162.517 uA  	100.0             
0.2 	2.56283 uA  	100.0             
0.3 	89.1309 nA  	100.0             
0.4 	1.41012 nA  	100.0             
0.5 	38.6487 pA  	100.0             
0.6 	7.27607 pA  	100.0             
Compression = 1.018410e-03 dB, Gain = 1.231815e+01 dB
Success. Next attempt: 5.790303e-03
0.0 	1.73709 mA  	100.0             
        Newton iteration failed, damping activated
0.1*	1.04914 mA  	100.0             
1.0*	475.922 uA  	100.0             
2.0*	121.882 nA  	100.0             
3.0 	7.27596 pA  	100.0	2.93275 pV   
Compression = 6.287781e-03 dB, Gain = 1.231288e+01 dB
Success. Next attempt: 1.447576e-02
0.0 	4.34273 mA  	100.0             
        Newton iteration failed, damping activated
0.1*	3.25471 mA  	 25.0             
1.0*	3.25705 mA  	 50.0             
2.0*	1.62852 mA  	100.0             
3.0*	493.174 uA  	100.0             
4.0 	188.745 nA  	100.0             
4.1 	184.751 pA  	100.0             
4.2 	154.825 fA  	100.0	860.515 fV   
Compression = 3.664794e-02 dB, Gain = 1.228252e+01 dB
Success. Next attempt: 2.895152e-02
0.0 	7.23788 mA  	100.0             
        Newton iteration failed, damping activated
0.1*	9.10293 mA  	 12.5             
1.0*	6.33314 mA  	 25.0             
2.0*	4.74986 mA  	 50.0             
3.0*	2.37493 mA  	100.0             
4.0*	1.27716 mA  	100.0             
5.0 	1.94467 uA  	100.0             
5.1 	6.98355 nA  	100.0             
5.2 	22.2508 pA  	100.0             
5.3 	7.27597 pA  	100.0	466.604 fV   
Compression = 1.016768e-01 dB, Gain = 1.221749e+01 dB
Success. Next attempt: 4.342727e-02
0.0 	7.23788 mA  	100.0             
        Newton iteration failed, damping activated
0.1*	11.5268 mA  	 12.5             
1.0*	6.33314 mA  	 12.5             
2.0*	5.5415 mA   	 25.0             
3.0*	4.15613 mA  	 50.0             
4.0*	2.07806 mA  	100.0             
5.0*	816.525 uA  	100.0             
6.0 	309.051 nA  	100.0             
6.1 	309.424 pA  	100.0             
6.2 	339.48 fA   	100.0	2.16982 pV   
Compression = 2.011168e-01 dB, Gain = 1.211805e+01 dB
Success. Next attempt: 6.514091e-02
0.0 	10.8568 mA  	100.0             
        Newton iteration failed, damping activated
0.1*	32.8575 mA  	 12.5             
1.0*	9.49972 mA  	 12.5             
2.0*	8.31225 mA  	 25.0             
3.0*	6.23419 mA  	 25.0             
4.0*	4.67564 mA  	 50.0             
5.0*	2.33782 mA  	100.0             
6.0*	926.286 uA  	100.0             
7.0 	5.2552 uA   	100.0             
7.1 	46.0707 nA  	100.0             
7.2 	401.309 pA  	100.0             
7.3 	7.27603 pA  	100.0	23.4462 pV   
Compression = 6.670900e-01 dB, Gain = 1.165208e+01 dB
Success. Next attempt: 9.771137e-02
0.0 	16.2852 mA  	100.0             
        Newton iteration failed, damping activated
0.1*	231.234 mA  	  6.3             
1.0*	15.2674 mA  	  6.3             
2.0*	14.3132 mA  	  6.3             
3.0*	13.4186 mA  	  6.3             
4.0*	12.58 mA    	  6.3             
5.0*	11.7937 mA  	  6.3             
6.0*	11.0566 mA  	  6.3             
7.0*	10.3656 mA  	  6.3             
8.0*	9.71771 mA  	  6.3             
9.0*	9.11036 mA  	  6.3             
10.0*	8.54096 mA  	  6.3             
11.0*	8.00715 mA  	  6.3             
12.0*	7.5067 mA   	 12.5             
13.0*	6.56836 mA  	 12.5             
14.0*	5.74732 mA  	 12.5             
15.0*	5.0289 mA   	 25.0             
16.0*	3.77168 mA  	 25.0             
17.0*	2.82876 mA  	 50.0             
18.0*	1.91768 mA  	100.0             
19.0*	1.01467 mA  	100.0             
20.0 	521.817 nA  	100.0             
20.1 	747.685 pA  	100.0             
20.2 	7.276 pA    	100.0	3.71555 pV   
Compression = 2.059227e+00 dB, Gain = 1.025994e+01 dB
Bracket established
Bracket: [6.514091e-02, 9.771137e-02]
Success. Next attempt: 8.142614e-02
0.0 	8.14261 mA  	100.0             
        Newton iteration failed, damping activated
0.1*	29.5046 mA  	  3.1             
1.0*	7.88816 mA  	  6.3             
2.0*	7.39515 mA  	  6.3             
3.0*	6.93295 mA  	  6.3             
4.0*	6.49964 mA  	  6.3             
5.0*	6.09341 mA  	  6.3             
6.0*	5.71258 mA  	 12.5             
7.0*	4.9985 mA   	 12.5             
8.0*	4.37369 mA  	 12.5             
9.0*	3.82698 mA  	 25.0             
10.0*	2.87023 mA  	 25.0             
11.0*	2.15268 mA  	 50.0             
12.0*	1.11757 mA  	100.0             
13.0*	606.211 uA  	100.0             
14.0 	285.765 nA  	100.0             
14.1 	447.207 pA  	100.0             
14.2 	630.816 fA  	100.0	2.83088 pV   
Compression = 1.315160e+00 dB, Gain = 1.100401e+01 dB
Bracket established
Bracket: [6.514091e-02, 8.142614e-02]
Success. Next attempt: 7.328353e-02
0.0 	4.07131 mA  	100.0             
        Newton iteration failed, damping activated
0.1*	6.36686 mA  	 12.5             
1.0*	3.56239 mA  	 12.5             
2.0*	3.11709 mA  	 25.0             
3.0*	2.33782 mA  	 50.0             
4.0*	1.16891 mA  	100.0             
5.0*	453.767 uA  	100.0             
6.0 	407.098 nA  	100.0             
6.1 	946.499 pA  	100.0             
6.2 	7.27779 pA  	100.0	8.77374 pV   
Compression = 9.749310e-01 dB, Gain = 1.134424e+01 dB
Bracket: [7.328353e-02, 8.142614e-02]
Success. Next attempt: 7.735483e-02
0.0 	2.03565 mA  	100.0             
        Newton iteration failed, damping activated
0.1*	1.36206 mA  	 50.0             
1.0*	1.01783 mA  	100.0             
2.0*	353.283 uA  	100.0             
3.0 	239.185 nA  	100.0             
3.1 	352.513 pA  	100.0             
3.2 	7.27597 pA  	100.0	1.83535 pV   
Compression = 1.141872e+00 dB, Gain = 1.117729e+01 dB
Bracket established
Bracket: [7.328353e-02, 7.735483e-02]
Success. Next attempt: 7.531918e-02
0.0 	1.01783 mA  	100.0             
        Newton iteration failed, damping activated
0.1*	383.924 uA  	 50.0             
1.0*	508.913 uA  	100.0             
2.0*	90.7749 uA  	100.0             
3.0 	14.7324 nA  	100.0             
3.1 	7.276 pA    	100.0             
3.2 	7.27738 pA  	100.0	10.0499 fV   
Compression = 1.057518e+00 dB, Gain = 1.126165e+01 dB
Bracket established
Bracket: [7.328353e-02, 7.531918e-02]
Success. Next attempt: 7.430135e-02
0.0 	508.913 uA  	100.0             
0.1 	84.3564 uA  	100.0             
0.2 	2.23977 uA  	100.0             
0.3 	62.644 nA   	100.0             
0.4 	1.75283 nA  	100.0             
0.5 	46.7342 pA  	100.0             
0.6 	7.27602 pA  	100.0             
Compression = 1.015990e+00 dB, Gain = 1.130318e+01 dB
Bracket established
Bracket: [7.328353e-02, 7.430135e-02]
Success. Next attempt: 7.379244e-02
0.0 	254.457 uA  	100.0             
        Newton iteration failed, damping activated
0.1*	100.87 uA   	100.0             
1.0*	19.4006 uA  	100.0             
2.0 	883.264 pA  	100.0             
2.1 	7.27731 pA  	100.0	398.148 fV   
Compression = 9.953997e-01 dB, Gain = 1.132377e+01 dB
Bracket: [7.379244e-02, 7.430135e-02]
Success. Next attempt: 7.404690e-02
0.0 	127.228 uA  	100.0             
0.1 	4.70565 uA  	100.0             
0.2 	33.0981 nA  	100.0             
0.3 	230.274 pA  	100.0             
0.4 	1.62895 pA  	100.0             
Compression = 1.005680e+00 dB, Gain = 1.131349e+01 dB
Bracket established
Bracket: [7.379244e-02, 7.404690e-02]
Success. Next attempt: 7.391967e-02
0.0 	63.6142 uA  	100.0             
0.1 	3.55195 uA  	100.0             
0.2 	12.2062 nA  	100.0             
0.3 	41.7307 pA  	100.0             
0.4 	14.552 pA   	100.0             
Compression = 1.000536e+00 dB, Gain = 1.131863e+01 dB
Bracket established
Bracket: [7.379244e-02, 7.391967e-02]
Success. An HB truncation error may be present.
o The HB truncation error is due to using a finite order 
  (number of harmonics) in the representation of the
  circuit signals.

Waveform                Trunc error             Tolerance
---------------------------------------------------------
X1.HPMOS1.Vdsm          2.007e-04       >       3.464e-06
X1.HPMOS1.d             1.950e-04       >       3.489e-06
X1.HPMOS1.g             6.532e-05       >       1.434e-06
X1.HPMOS1.Vgsm          6.370e-05       >       1.388e-06
X1.HPMOS1.s             6.173e-06       >       1.068e-06

o Number of waveforms violating the HB truncation error check:
        5 out of 5 waveforms.
o Estimated max HB truncation error: 2.007e-04 @ waveform X1.HPMOS1.Vdsm .
o The maximal HB truncation error estimate is greater than the 
  achieved tolerance of 3.464e-06 for this waveform.
o A time-domain plot of the N__2 waveform may show the error as 
  Gibbs ripples.
o To reduce the error, increase the order (number of harmonics) 
  and re-simulate.

Resource usage:
  Total stopwatch time     =     1.56 seconds.

