Warning detected by hpeesofsim in LinearCollapse '_2_' during analysis.
    LinearCollapse is disabled since there is 'HB'analysis present.
Warning detected by hpeesofsim in MOSFET3 during circuit set up.
    The well proximity effect is not applied as none of Sca, Scb, Scc, Sc is given and/or Sc not positive.

SP SP1[1] <MyLibrary1_lib:LNA_razavi:schematic>   freq=(1 GHz->10 GHz)
Warning detected by hpeesofsim during SP analysis `SP1'.
    The simulation temperature (25.0 C) is not the same as the IEEE standard
    noise temperature (290 K or 16.85 C) in the noise analysis `SP1'.
    If the simulation temperature is not equal to the IEEE standard temperature,
    then the loss and the noise figure will not agree for a passive circuit.
    The `Temp' parameter on the Options item can be set to 16.85 C to
    eliminate this warning message.

,,,,,,,,,,,,,,,,,,,,,,,,,,,,,,,,,,,,,,,,,,,,,,,,,,,,,,,,,,,,,,,,,,,,,,,,,,,,,,,,,,,,,,,,,,,,,,,,,,,,

HB HB1[1] <MyLibrary1_lib:LNA_razavi:schematic>   pin=(-40->10)
    Number of tones:   1.
    Number of frequencies:   6.
    Number of time samples:  16.
    Number of HB equations (problem size): 341.
    Auto mode: off.
    Convergence mode: Fast.
    Linear solver: Krylov (GS_GMRES).
    Preconditioner: DCP.
    The general solver is used for HB Krylov preconditioning.
    pin=-40            0.00% 1/51
------------------------------------------------------------------------
Newton solver:				Linear solver:
Iter	KCL residual	Sol update	Iters	Residual
------------------------------------------------------------------------
0 	14.4906 uA               
1 	41.0448 nA              	  1	1.713e-02   
2 	699.235 pA              	  1	5.721e-03   
3 	26.7577 fA  	17.2385 nV  	  2	4.369e-05   
    pin=-39            2.00% 2/51
0 	7.71712 uA               
1 	1.97876 uA              	  1	5.713e-03   
2 	9.96421 nA              	  1	1.985e-02   
3 	1.19683 pA              	  2	3.059e-05   
4 	149.462 aA  	21.8974 pV  	  2	1.603e-04   

    pin=-38            4.00% 3/51
0 	8.65876 uA               
1 	2.31824 uA              	  1	6.451e-03   
2 	13.1476 nA              	  1	2.235e-02   
3 	2.05283 pA              	  2	3.867e-05   
4 	232.382 aA  	40.1381 pV  	  2	2.031e-04   

    pin=-37            6.00% 4/51
0 	9.71528 uA               
1 	2.74365 uA              	  1	7.295e-03   
2 	17.4652 nA              	  1	2.517e-02   
3 	3.5543 pA               	  2	4.907e-05   
4 	631.042 aA  	74.0359 pV  	  2	2.572e-04   

    pin=-36            8.00% 5/51
0 	10.9007 uA               
1 	3.29306 uA              	  1	8.266e-03   
2 	23.3808 nA              	  1	2.835e-02   
3 	6.19574 pA              	  2	6.256e-05   
4 	1.33527 fA  	137.594 pV  	  2	3.257e-04   

    pin=-35           10.00% 6/51
0 	12.2308 uA               
1 	3.98752 uA              	  1	9.390e-03   
2 	31.5833 nA              	  1	3.194e-02   
3 	10.8912 pA              	  2	8.019e-05   
4 	3.07759 fA  	258.08 pV   	  2	4.125e-04   

    pin=-34           12.00% 7/51
0 	13.7232 uA               
1 	4.862 uA                	  1	1.070e-02   
2 	43.12 nA                	  1	3.599e-02   
3 	19.3505 pA              	  2	1.035e-04   
4 	7.16853 fA  	489.634 pV  	  2	5.226e-04   

    pin=-33           14.00% 8/51
0 	15.3977 uA               
1 	5.97805 uA              	  1	1.225e-02   
2 	59.6353 nA              	  1	4.057e-02   
3 	34.8592 pA              	  2	1.349e-04   
4 	17.345 fA   	942.445 pV  	  2	6.627e-04   

    pin=-32           16.00% 9/51
0 	17.2765 uA               
1 	7.42708 uA              	  1	1.411e-02   
2 	83.8156 nA              	  1	4.574e-02   
3 	63.9521 pA              	  2	1.778e-04   
4 	42.817 fA   	1.84799 nV  	  2	8.413e-04   

    pin=-31           18.00% 10/51
0 	19.3845 uA               
1 	9.35256 uA              	  1	1.639e-02   
2 	5.00466 nA              	  2	5.406e-04   
3 	1.56324 pA              	  2	7.417e-04   
4 	2.98402 fA  	182.3 pV    	  2	7.184e-04   

    pin=-30           20.00% 11/51
0 	21.7498 uA               
1 	12.0666 uA              	  1	1.925e-02   
2 	9.09884 nA              	  2	7.027e-04   
3 	3.62527 pA              	  2	1.042e-03   
4 	9.75051 fA  	458.653 pV  	  2	9.307e-04   

    pin=-29           22.00% 12/51
0 	24.4037 uA               
1 	16.1224 uA              	  1	2.297e-02   
2 	17.3111 nA              	  2	9.277e-04   
3 	10.6754 pA              	  2	1.469e-03   
4 	1.1757 fA   	1.18891 nV  	  3	5.718e-05   

    pin=-28           24.00% 13/51
0 	27.3814 uA               
1 	22.3713 uA              	  1	2.804e-02   
2 	34.5486 nA              	  2	1.256e-03   
3 	31.8722 pA              	  2	2.054e-03   
4 	5.08741 fA  	3.16204 nV  	  3	9.600e-05   

    pin=-27           26.00% 14/51
0 	30.7224 uA               
1 	32.7154 uA              	  1	3.539e-02   
2 	72.3601 nA              	  2	1.769e-03   
3 	102.919 pA              	  2	2.799e-03   
4 	28.3223 fA  	8.71251 nV  	  3	1.891e-04   

    pin=-26           28.00% 15/51
0 	34.4711 uA               
1 	51.2077 uA              	  1	4.684e-02   
2 	153.313 nA              	  2	2.643e-03   
3 	354.009 pA              	  2	3.623e-03   
4 	199.12 fA   	23.5701 nV  	  3	4.816e-04   

    pin=-25           30.00% 16/51
0 	38.6772 uA               
1 	85.6445 uA              	  1	6.583e-02   
2 	301.255 nA              	  2	4.197e-03   
3 	216.926 pA              	  3	8.920e-04   
4 	136.301 fA  	15.6228 nV  	  3	5.068e-04   

    pin=-24           32.00% 17/51
0 	43.3966 uA               
1 	145.133 uA              	  1	9.730e-02   
2 	10.0539 uA              	  1	9.726e-02   
3 	8.78365 nA              	  3	7.624e-04   
4 	2.26622 pA              	  4	2.424e-04   
5 	370.166 aA  	158.475 pV  	  4	1.043e-04   

    pin=-23           34.00% 18/51
0 	48.6918 uA               
1 	41.497 uA               	  2	1.393e-02   
2 	534.619 nA              	  2	1.116e-02   
3 	611.727 pA              	  4	7.642e-04   
4 	135.829 fA  	20.8814 nV  	  4	3.850e-04   

    pin=-22           36.00% 19/51
0 	54.6331 uA               
1 	56.3636 uA              	  2	2.454e-02   
2 	1.20519 uA              	  2	1.869e-02   
3 	3.85593 nA              	  4	2.351e-03   
4 	3.13412 pA              	  4	8.873e-04   
5 	918.123 aA  	120.943 pV  	  5	2.362e-04   

    pin=-21           38.00% 20/51
0 	61.2993 uA               
1 	71.8228 uA              	  2	3.946e-02   
2 	3.19233 uA              	  2	3.677e-02   
3 	15.6799 nA              	  4	4.768e-03   
4 	6.40001 pA              	  5	5.276e-04   
5 	1.82685 fA  	392.107 pV  	  6	2.012e-04   

    pin=-20           40.00% 21/51
0 	68.7789 uA               
1 	94.4025 uA              	  2	5.768e-02   
2 	2.07072 uA              	  3	1.504e-02   
3 	4.32663 nA              	  5	2.016e-03   
4 	1.30189 pA              	  6	5.346e-04   
5 	1.44686 fA  	129.79 pV   	  6	7.527e-04   

    pin=-19           42.00% 22/51
0 	77.1712 uA               
1 	131.512 uA              	  2	7.728e-02   
2 	3.27324 uA              	  3	2.217e-02   
3 	4.2602 nA               	  6	1.604e-03   
4 	1.94116 pA              	  7	3.584e-04   
5 	2.14539 fA  	98.8247 pV  	  6	7.204e-04   

    pin=-18           44.00% 23/51
0 	86.5876 uA               
1 	169.936 uA              	  2	9.609e-02   
2 	4.97705 uA              	  3	3.498e-02   
3 	20.6418 nA              	  6	3.782e-03   
4 	13.2647 pA              	  7	7.208e-04   
5 	12.5627 fA  	1.21943 nV  	  7	6.071e-04   

    pin=-17           46.00% 24/51
0 	97.1528 uA               
1 	97.5135 uA              	  3	3.782e-02   
2 	3.33133 uA              	  4	2.669e-02   
3 	6.08154 nA              	  7	1.782e-03   
4 	4.43867 pA              	  7	9.255e-04   
5 	2.22415 fA  	227.383 pV  	  8	6.426e-04   

    pin=-16           48.00% 25/51
0 	109.007 uA               
1 	131.874 uA              	  3	5.058e-02   
2 	5.86403 uA              	  4	4.091e-02   
3 	19.586 nA               	  7	3.587e-03   
4 	7.97879 pA              	  9	4.845e-04   
5 	7.30818 fA  	413.196 pV  	  9	5.679e-04   

    pin=-15           50.00% 26/51
0 	122.308 uA               
1 	167.888 uA              	  3	6.402e-02   
2 	8.94384 uA              	  4	5.776e-02   
3 	16.2874 nA              	  8	1.871e-03   
4 	5.53595 pA              	 10	2.230e-04   
5 	3.8586 fA   	158.177 pV  	  9	8.093e-04   

    pin=-14           52.00% 27/51
0 	137.232 uA               
1 	203.757 uA              	  3	7.736e-02   
2 	4.78044 uA              	  5	4.440e-02   
3 	20.3743 nA              	  9	2.468e-03   
4 	11.3296 pA              	 10	3.626e-04   
5 	4.7288 fA   	315.686 pV  	 10	5.720e-04   

    pin=-13           54.00% 28/51
0 	153.977 uA               
1 	237.727 uA              	  3	8.982e-02   
2 	9.7392 uA               	  5	6.233e-02   
3 	70.2716 nA              	  9	4.527e-03   
4 	29.6447 pA              	 10	5.002e-04   
5 	27.6529 fA  	1.69002 nV  	 11	6.975e-04   

    pin=-12           56.00% 29/51
0 	172.765 uA               
1 	145.735 uA              	  4	5.140e-02   
2 	4.99542 uA              	  6	3.603e-02   
3 	28.2259 nA              	  9	4.214e-03   
4 	9.02821 pA              	 12	4.530e-04   
5 	7.16802 fA  	422.074 pV  	 12	5.953e-04   

    pin=-11           58.00% 30/51
0 	193.845 uA               
1 	159.997 uA              	  4	5.870e-02   
2 	6.65989 uA              	  6	4.691e-02   
3 	38.6196 nA              	 10	3.824e-03   
4 	16.6194 pA              	 13	5.192e-04   
5 	12.5704 fA  	870.158 pV  	 13	8.114e-04   

    pin=-10           60.00% 31/51
0 	217.498 uA               
1 	173.435 uA              	  4	6.534e-02   
2 	8.3734 uA               	  6	5.856e-02   
3 	58.0108 nA              	 11	4.118e-03   
4 	35.7371 pA              	 14	7.220e-04   
5 	60.3515 fA  	1.98497 nV  	 14	7.900e-04   

    pin=-9            62.00% 32/51
0 	244.037 uA               
1 	199.794 uA              	  4	7.074e-02   
2 	9.66658 uA              	  7	4.952e-02   
3 	35.6217 nA              	 13	2.438e-03   
4 	26.5318 pA              	 15	7.364e-04   
5 	14.4643 fA  	1.3513 nV   	 15	6.676e-04   

    pin=-8            64.00% 33/51
0 	273.814 uA               
1 	223.125 uA              	  4	7.420e-02   
2 	12.4555 uA              	  7	5.996e-02   
3 	58.7071 nA              	 14	2.710e-03   
4 	155.789 pA              	 16	6.000e-04   
5 	91.5824 fA  	1.89704 nV  	 16	9.315e-04   

    pin=-7            66.00% 34/51
0 	307.224 uA               
1 	239.118 uA              	  4	7.486e-02   
2 	16.4424 uA              	  7	7.083e-02   
3 	110.661 nA              	 14	4.233e-03   
4 	157.982 pA              	 17	5.950e-04   
5 	50.7268 fA  	5.14282 nV  	 16	9.987e-04   

    pin=-6            68.00% 35/51
0 	344.711 uA               
1 	297.2 uA                	  3	9.871e-02   
2 	17.8917 uA              	  8	7.289e-02   
3 	233.132 nA              	 15	2.550e-03   
4 	490.195 pA              	 19	6.275e-04   
5 	189.899 fA              	 19	7.380e-04   
6 	142.714 aA  	9.83414 pV  	 20	4.708e-04   

    pin=-5            70.00% 36/51
0 	386.772 uA               
1 	274.881 uA              	  3	8.553e-02   
2 	14.7847 uA              	  9	6.895e-02   
3 	303.719 nA              	 18	3.235e-03   
4 	438.925 pA              	 20	9.078e-04   
5 	560.337 fA              	 22	7.586e-04   
6 	447.617 aA  	20.3048 pV  	 23	9.315e-04   

    pin=-4            72.00% 37/51
0 	433.966 uA               
1 	338.018 uA              	  2	9.707e-02   
2 	40.5988 uA              	  7	9.474e-02   
3 	1.55451 uA              	 20	6.607e-03   
4 	5.23449 nA              	 25	7.458e-04   
5 	9.12037 pA              	 24	5.805e-04   
6 	5.14438 fA  	219.819 pV  	 26	8.748e-04   

    pin=-3            74.00% 38/51
0 	486.918 uA               
1 	295.707 uA              	  2	8.077e-02   
2 	35.1368 uA              	 11	8.053e-02   
3 	6.77072 uA              	 24	3.574e-03   
4 	92.0712 nA              	 26	1.766e-03   
5 	257.027 pA              	 28	4.908e-04   
6 	98.4816 fA  	3.03293 nV  	 30	4.322e-04   

    pin=-2            76.00% 39/51
0 	546.331 uA               
1 	267.767 uA              	  2	6.957e-02   
2 	32.0642 uA              	 16	5.512e-02   
3 	919.697 nA              	 27	6.163e-03   
4 	6.53377 nA              	 30	1.297e-03   
5 	5.34255 pA              	 32	9.183e-04   
6 	2.47972 fA  	103.219 pV  	 33	4.080e-04   

    pin=-1            78.00% 40/51
0 	612.993 uA               
1 	244.452 uA              	  2	6.177e-02   
2 	23.702 uA               	 17	4.479e-02   
3 	1.77274 uA              	 29	2.893e-03   
4 	12.138 nA               	 30	1.729e-03   
5 	13.5679 pA              	 34	7.076e-04   
6 	10.6471 fA  	253.925 pV  	 32	9.794e-04   

    pin=0             80.00% 41/51
0 	687.789 uA               
1 	248.914 uA              	  2	5.544e-02   
2 	25.0026 uA              	 17	5.509e-02   
3 	6.55953 uA              	 30	2.909e-03   
4 	52.0583 nA              	 31	1.309e-03   
5 	63.8661 pA              	 35	4.823e-04   
6 	47.7747 fA  	1.39122 nV  	 36	7.587e-04   

    pin=1             82.00% 42/51
0 	771.712 uA               
1 	259.088 uA              	  2	4.996e-02   
2 	23.8042 uA              	 21	4.983e-02   
3 	1.31226 uA              	 31	4.992e-03   
4 	10.9278 nA              	 33	1.063e-03   
5 	5.55821 pA              	 37	4.573e-04   
6 	3.03864 fA  	110.527 pV  	 37	6.016e-04   

    pin=2             84.00% 43/51
0 	865.876 uA               
1 	269.167 uA              	  2	4.597e-02   
2 	25.2879 uA              	 17	4.989e-02   
3 	574.911 nA              	 32	6.329e-03   
4 	1.09708 nA              	 37	5.144e-04   
5 	788.069 fA              	 38	7.018e-04   
6 	954.954 aA  	24.845 pV   	 38	9.310e-04   

    pin=3             86.00% 44/51
0 	971.528 uA               
1 	282.785 uA              	  2	4.189e-02   
2 	23.261 uA               	 17	4.400e-02   
3 	348.94 nA               	 34	3.572e-03   
4 	243.925 pA              	 39	4.760e-04   
5 	149.841 fA  	5.9145 nV   	 39	5.994e-04   

    pin=4             88.00% 45/51
0 	1.09007 mA               
1 	295.886 uA              	  2	3.762e-02   
2 	26.8309 uA              	 17	4.771e-02   
3 	494.126 nA              	 34	4.301e-03   
4 	1.92492 nA              	 38	7.925e-04   
5 	1.23357 pA              	 40	9.221e-04   
6 	1.1359 fA   	127.969 pV  	 40	7.979e-04   

    pin=5             90.00% 46/51
0 	1.22308 mA               
1 	305.574 uA              	  2	3.334e-02   
2 	24.5564 uA              	 21	4.998e-02   
3 	1.1942 uA               	 34	3.517e-03   
4 	12.7774 nA              	 37	1.026e-03   
5 	5.75636 pA              	 41	4.790e-04   
6 	4.32207 fA  	334.554 pV  	 41	8.543e-04   

    pin=6             92.00% 47/51
0 	1.37232 mA               
1 	334.364 uA              	  2	2.951e-02   
2 	24.0847 uA              	 27	4.596e-02   
3 	7.54002 uA              	 37	4.423e-03   
4 	153.721 nA              	 36	3.033e-03   
5 	51.9975 pA              	 41	2.914e-04   
6 	21.2794 fA  	1.06711 nV  	 35	8.889e-04   

    pin=7             94.00% 48/51
0 	1.53977 mA               
1 	1.08043 mA              	  1	9.222e-02   
2 	110.817 uA              	  6	8.804e-02   
3 	10.1861 uA              	 34	5.493e-03   
4 	259.012 nA              	 36	3.793e-03   
5 	328.051 pA              	 40	1.078e-03   
6 	233.054 fA  	13.3242 nV  	 42	6.020e-04   

    pin=8             96.00% 49/51
0 	1.72765 mA               
1 	1.13113 mA              	  1	8.450e-02   
2 	106.09 uA               	  7	7.418e-02   
3 	14.9101 uA              	 34	3.821e-03   
4 	253.37 nA               	 37	2.722e-03   
5 	412.95 pA               	 41	5.794e-04   
6 	358.893 fA  	15.929 nV   	 41	9.006e-04   

    pin=9             98.00% 50/51
0 	1.93845 mA               
1 	1.19139 mA              	  1	7.855e-02   
2 	119.633 uA              	  7	7.408e-02   
3 	15.674 uA               	 35	4.912e-03   
4 	258.753 nA              	 37	2.402e-03   
5 	327.27 pA               	 41	8.857e-04   
6 	140.394 fA  	33.8114 nV  	 42	2.213e-04   

    pin=10           100.00% 51/51
0 	2.17498 mA               
1 	1.22491 mA              	  1	8.084e-02   
2 	164.373 uA              	  6	5.748e-02   
3 	21.2715 uA              	 35	8.830e-03   
4 	449.327 nA              	 38	4.643e-03   
5 	377.856 pA              	 42	6.486e-04   
6 	167.311 fA  	8.40185 nV  	 42	4.059e-04   

An HB truncation error may be present.
o The HB truncation error is due to using a finite order 
  (number of harmonics) in the representation of the
  circuit signals.

Waveform                Trunc error             Tolerance
---------------------------------------------------------
MOSFET2.d               4.842e-03       >       2.471e-06
Vout                    4.838e-03       >       2.469e-06
MOSFET1.s               1.784e-03       >       1.937e-06
N__5                    1.705e-03       >       1.939e-06
MOSFET1.sb              1.700e-03       >       1.939e-06

o Number of waveforms violating the HB truncation error check:
        22 out of 26 waveforms.
o Estimated max HB truncation error: 4.842e-03 @ waveform MOSFET2.d .
o The maximal HB truncation error estimate is greater than the 
  achieved tolerance of 2.471e-06 for this waveform.
o A time-domain plot of the SRC2.i waveform may show the error as 
  Gibbs ripples.
o To reduce the error, increase the order (number of harmonics) 
  and re-simulate.

HB HB2[1] <MyLibrary1_lib:LNA_razavi:schematic>
    Number of tones:   1.
    Number of frequencies:   6.
    Number of time samples:  16.
    Number of HB equations (problem size): 341.
    Auto mode: off.
    Convergence mode: Fast.
    Linear solver: Krylov (GS_GMRES).
    Preconditioner: DCP.
    The general solver is used for HB Krylov preconditioning.
0 	20 mA                    
1 	9.50703 mA              	  2	3.726e-02   
2 	5.83024 mA              	  6	3.002e-02   
3 	7.6947 mA               	  6	2.224e-02   
4 	1.42264 mA              	  3	1.402e-02   
5 	195.307 uA              	  2	5.447e-03   
6 	2.17934 uA              	  2	6.595e-05   
7 	283.528 pA              	  1	4.780e-05   
8 	125.84 aA               	  1	8.452e-09   
9 	77.6906 aA  	9.65238 fV  	  1	1.742e-14   
0 	77.6906 aA               
1 	103.601 aA  	868.466 aV  	  1	1.736e-13   
Numerical noise: 1.214997e-35 mW, -3.191542e+02 dBm
Next attempt: 1.264911e-06
0 	632.456 nA               
1 	1.43858 nA              	  1	1.791e-13   
2 	90.9128 fA              	  1	1.684e-04   
3 	101.383 aA  	2.31731 pV  	  1	5.395e-05   
Low level gain found: 5.516894e+00, 7.416946e+00 dB
Success. Next attempt: 3.794733e-06
0 	1.26491 uA               
1 	12.1167 nA              	  1	5.557e-05   
2 	2.21603 pA              	  1	5.052e-04   
3 	694.032 aA  	55.1995 pV  	  1	1.616e-04   
Compression = 6.461548e-06 dB, Gain = 7.416940e+00 dB
Success. Next attempt: 9.486833e-06
0 	2.84605 uA               
1 	81.2926 nA              	  1	1.667e-04   
2 	37.9651 pA              	  1	1.259e-03   
3 	27.9577 fA  	811.944 pV  	  1	4.041e-04   
Compression = 4.476956e-05 dB, Gain = 7.416901e+00 dB
Success. Next attempt: 2.371708e-05
0 	7.11512 uA               
1 	658.731 nA              	  1	4.166e-04   
2 	708.125 pA              	  1	3.108e-03   
3 	1.34149 pA              	  1	1.014e-03   
4 	2.02591 fA  	16.418 pV   	  1	9.738e-04   
Compression = 2.744025e-04 dB, Gain = 7.416672e+00 dB
Success. Next attempt: 5.929271e-05
0 	17.7878 uA               
1 	3.51247 uA              	  1	1.041e-03   
2 	6.12562 nA              	  1	7.886e-03   
3 	42.2019 pA              	  1	2.569e-03   
4 	402.081 aA  	643.781 pV  	  2	9.098e-06   
Compression = 1.265323e-03 dB, Gain = 7.415681e+00 dB
Success. Next attempt: 1.482318e-04
0 	44.4695 uA               
1 	10.7492 uA              	  1	2.621e-03   
2 	61.2043 nA              	  1	2.039e-02   
3 	5.78316 pA              	  2	3.354e-05   
4 	665.59 aA   	109.381 pV  	  2	1.757e-04   
Compression = 6.074620e-03 dB, Gain = 7.410872e+00 dB
Success. Next attempt: 3.705794e-04
0 	111.174 uA               
1 	44.5878 uA              	  1	6.756e-03   
2 	45.4178 nA              	  2	5.338e-04   
3 	32.4969 pA              	  2	3.944e-04   
4 	1.02235 fA  	720.754 pV  	  3	4.747e-05   
Compression = 3.908974e-02 dB, Gain = 7.377856e+00 dB
Success. Next attempt: 7.411588e-04
0 	185.29 uA                
1 	321.98 uA               	  1	2.039e-02   
2 	3.40385 uA              	  2	3.846e-03   
3 	3.88015 nA              	  3	5.243e-04   
4 	3.19907 pA              	  3	8.455e-04   
5 	324.545 aA  	99.6601 pV  	  4	1.127e-04   
Compression = 2.607024e-01 dB, Gain = 7.156244e+00 dB
Success. Next attempt: 1.111738e-03
0 	185.29 uA                
1 	789.547 uA              	  2	9.362e-03   
2 	55.9653 uA              	  2	3.286e-02   
3 	306.632 nA              	  4	2.225e-03   
4 	164.494 pA              	  5	5.058e-04   
5 	10.1274 fA  	7.1126 nV   	  6	1.059e-04   
Compression = 9.395362e-01 dB, Gain = 6.477410e+00 dB
Success. Next attempt: 1.667607e-03
0 	277.935 uA               
1 	1.12795 mA              	  2	5.535e-02   
2 	124.075 uA              	  2	5.290e-02   
3 	1.23264 uA              	  6	2.861e-03   
4 	701.776 pA              	  7	8.461e-04   
5 	319.379 fA  	50.3374 nV  	  8	3.558e-04   
Compression = 2.243110e+00 dB, Gain = 5.173836e+00 dB
Bracket established
Bracket: [1.111738e-03, 1.667607e-03]
Success. Next attempt: 1.389673e-03
0 	138.967 uA               
1 	112.962 uA              	  3	4.280e-02   
2 	6.61332 uA              	  3	2.334e-02   
3 	7.9083 nA               	  6	1.271e-03   
4 	4.00154 pA              	  6	9.002e-04   
5 	2.03716 fA  	414.2 pV    	  7	2.740e-04   
Compression = 1.590509e+00 dB, Gain = 5.826437e+00 dB
Bracket established
Bracket: [1.111738e-03, 1.389673e-03]
Success. Next attempt: 1.250706e-03
0 	69.4836 uA               
1 	107.014 uA              	  2	9.279e-02   
2 	2.23847 uA              	  3	1.761e-02   
3 	5.66668 nA              	  5	2.292e-03   
4 	1.20843 pA              	  6	4.269e-04   
5 	1.28144 fA  	119.58 pV   	  6	5.521e-04   
Compression = 1.260630e+00 dB, Gain = 6.156316e+00 dB
Bracket established
Bracket: [1.111738e-03, 1.250706e-03]
Success. Next attempt: 1.181222e-03
0 	34.7418 uA               
1 	47.4035 uA              	  2	7.536e-02   
2 	3.3396 uA               	  2	6.594e-02   
3 	14.2323 nA              	  4	4.264e-03   
4 	9.79533 pA              	  5	7.217e-04   
5 	2.2671 fA   	388.656 pV  	  6	3.097e-04   
Compression = 1.098226e+00 dB, Gain = 6.318721e+00 dB
Bracket established
Bracket: [1.111738e-03, 1.181222e-03]
Success. Next attempt: 1.146480e-03
0 	17.3709 uA               
1 	21.7939 uA              	  2	6.558e-02   
2 	1.25211 uA              	  2	5.316e-02   
3 	3.94583 nA              	  4	4.541e-03   
4 	2.91634 pA              	  5	5.430e-04   
5 	640.46 aA   	116.684 pV  	  6	2.255e-04   
Compression = 1.018302e+00 dB, Gain = 6.398645e+00 dB
Bracket established
Bracket: [1.111738e-03, 1.146480e-03]
Success. Next attempt: 1.129109e-03
0 	8.68545 uA               
1 	10.3671 uA              	  2	6.051e-02   
2 	548.069 nA              	  2	4.850e-02   
3 	1.7378 nA               	  4	4.613e-03   
4 	1.12324 pA  	74.3272 nV  	  5	5.250e-04   
Compression = 9.787583e-01 dB, Gain = 6.438188e+00 dB
Bracket: [1.129109e-03, 1.146480e-03]
Success. Next attempt: 1.137795e-03
0 	4.34273 uA               
1 	5.14787 uA              	  2	5.794e-02   
2 	305.694 nA              	  2	5.230e-02   
3 	1.12813 nA              	  4	4.445e-03   
4 	706.889 fA  	40.5642 nV  	  5	5.664e-04   
Compression = 9.984919e-01 dB, Gain = 6.418454e+00 dB
Bracket: [1.137795e-03, 1.146480e-03]
Success. Next attempt: 1.142137e-03
0 	2.17136 uA               
1 	2.60894 uA              	  2	5.922e-02   
2 	155.656 nA              	  2	5.236e-02   
3 	592.104 pA              	  4	4.743e-03   
4 	369.432 fA  	21.402 nV   	  5	5.459e-04   
Compression = 1.008387e+00 dB, Gain = 6.408559e+00 dB
Bracket established
Bracket: [1.137795e-03, 1.142137e-03]
Success. Next attempt: 1.139966e-03
0 	1.08568 uA               
1 	1.30661 uA              	  2	5.987e-02   
2 	75.6338 nA              	  2	5.107e-02   
3 	279.081 pA              	  4	4.891e-03   
4 	184.238 fA  	10.6527 nV  	  5	5.491e-04   
Compression = 1.003437e+00 dB, Gain = 6.413509e+00 dB
Bracket established
Bracket: [1.137795e-03, 1.139966e-03]
Success. Next attempt: 1.138880e-03
0 	542.841 nA               
1 	651.146 nA              	  2	5.955e-02   
2 	37.6849 nA              	  2	5.098e-02   
3 	138.058 pA              	  4	4.837e-03   
4 	87.6901 fA  	5.24377 nV  	  5	5.366e-04   
Compression = 1.000964e+00 dB, Gain = 6.415982e+00 dB
Bracket established
Bracket: [1.137795e-03, 1.138880e-03]
Success. Next attempt: 1.138337e-03
0 	271.42 nA                
1 	325.032 nA              	  2	5.939e-02   
2 	18.809 nA               	  2	5.093e-02   
3 	69.0247 pA              	  4	4.809e-03   
4 	43.2668 fA  	2.60067 nV  	  5	5.307e-04   
Compression = 9.997278e-01 dB, Gain = 6.417218e+00 dB
Bracket: [1.138337e-03, 1.138880e-03]
Success. Next attempt: 1.138609e-03
0 	135.71 nA                
1 	162.482 nA              	  2	5.931e-02   
2 	9.43977 nA              	  2	5.108e-02   
3 	34.8727 pA              	  4	4.793e-03   
4 	21.6723 fA  	1.29934 nV  	  5	5.282e-04   
Compression = 1.000346e+00 dB, Gain = 6.416600e+00 dB
Bracket established
Bracket: [1.138337e-03, 1.138609e-03]
Success. Next attempt: 1.138473e-03
0 	67.8551 nA               
1 	81.2495 nA              	  2	5.935e-02   
2 	4.7111 nA               	  2	5.101e-02   
3 	17.3483 pA              	  4	4.801e-03   
4 	10.7257 fA  	649.79 pV   	  5	5.294e-04   
Compression = 1.000037e+00 dB, Gain = 6.416909e+00 dB
Bracket established
Bracket: [1.138337e-03, 1.138473e-03]
Success. An HB truncation error may be present.
o The HB truncation error is due to using a finite order 
  (number of harmonics) in the representation of the
  circuit signals.

Waveform                Trunc error             Tolerance
---------------------------------------------------------
Vout                    7.079e-05       >       1.298e-06
MOSFET2.d               7.061e-05       >       1.298e-06
MOSFET2.s               6.763e-05       >       1.056e-06
N__3                    6.673e-05       >       1.056e-06
MOSFET2.sb              6.613e-05       >       1.056e-06

o Number of waveforms violating the HB truncation error check:
        17 out of 26 waveforms.
o Estimated max HB truncation error: 7.079e-05 @ waveform Vout .
o The maximal HB truncation error estimate is greater than the 
  achieved tolerance of 1.298e-06 for this waveform.
o A time-domain plot of the N__3 waveform may show the error as 
  Gibbs ripples.
o To reduce the error, increase the order (number of harmonics) 
  and re-simulate.

** Wrote solution to `LNA_razavi.hbs'. **


Resource usage:
  Total stopwatch time     =     3.72 seconds.

