Warning detected by hpeesofsim in MOSFET1 during circuit set up.
    The well proximity effect is not applied as none of Sca, Scb, Scc, Sc is given and/or Sc not positive.

CT Sweep1[1] <MyLibrary1_lib:NMOS:schematic>   Vds=(0->2)

DC Sweep1[1].DC1[1/11] <MyLibrary1_lib:NMOS:schematic>  Vds=0  Vds=(0->2)
...........

DC Sweep1[1].DC1[2/11] <MyLibrary1_lib:NMOS:schematic>  Vds=200e-03  Vds=(0->2)
...........

DC Sweep1[1].DC1[3/11] <MyLibrary1_lib:NMOS:schematic>  Vds=400e-03  Vds=(0->2)
...........

DC Sweep1[1].DC1[4/11] <MyLibrary1_lib:NMOS:schematic>  Vds=600e-03  Vds=(0->2)
...........

DC Sweep1[1].DC1[5/11] <MyLibrary1_lib:NMOS:schematic>  Vds=800e-03  Vds=(0->2)
...........

DC Sweep1[1].DC1[6/11] <MyLibrary1_lib:NMOS:schematic>  Vds=1  Vds=(0->2)
...........

DC Sweep1[1].DC1[7/11] <MyLibrary1_lib:NMOS:schematic>  Vds=1.2  Vds=(0->2)
...........

DC Sweep1[1].DC1[8/11] <MyLibrary1_lib:NMOS:schematic>  Vds=1.4  Vds=(0->2)
...........

DC Sweep1[1].DC1[9/11] <MyLibrary1_lib:NMOS:schematic>  Vds=1.6  Vds=(0->2)
...........

DC Sweep1[1].DC1[10/11] <MyLibrary1_lib:NMOS:schematic>  Vds=1.8  Vds=(0->2)
...........

DC Sweep1[1].DC1[11/11] <MyLibrary1_lib:NMOS:schematic>  Vds=2  Vds=(0->2)
...........

Resource usage:
  Total stopwatch time     =     1.16 seconds.

